<?xml version="1.0" encoding="UTF-8"?>
<!-- Generated by org.testng.reporters.JUnitXMLReporter -->
<testsuite ignored="0" hostname="Subhash" failures="1" tests="2" name="Surefire test" time="5.156" errors="0" timestamp="2026-05-25T10:42:04 IST">
  <testcase classname="api.test.UserTests" name="testGet" time="3.074">
    <failure type="java.lang.AssertionError" message="expected [200] but found [404]">
      <![CDATA[java.lang.AssertionError: expected [200] but found [404]
at api.test.UserTests.testGet(UserTests.java:46)
at java.base/java.util.ArrayList.forEach(ArrayList.java:1511)
... Removed 39 stack frames]]>
    </failure>
  </testcase> <!-- testGet -->
  <testcase classname="api.test.UserTests" name="testPost" time="1.74"/>
</testsuite> <!-- Surefire test -->
