<?xml version="1.0" encoding="UTF-8"?>
<!-- Generated by org.testng.reporters.JUnitXMLReporter -->
<testsuite ignored="0" hostname="Subhash" failures="1" tests="2" name="Test" time="7.568" errors="0" timestamp="2026-05-25T10:34:36 IST">
  <testcase classname="api.test.UserTests" name="testGet" time="4.949">
    <failure type="java.lang.AssertionError" message="expected [200] but found [404]">
      <![CDATA[java.lang.AssertionError: expected [200] but found [404]
at api.test.UserTests.testGet(UserTests.java:44)
at java.base/java.util.ArrayList.forEach(ArrayList.java:1597)
... Removed 32 stack frames]]>
    </failure>
  </testcase> <!-- testGet -->
  <testcase classname="api.test.UserTests" name="testPost" time="2.186"/>
</testsuite> <!-- Test -->
