<?xml version="1.0" encoding="UTF-8"?>
<testng-results ignored="0" total="1" passed="1" failed="0" skipped="0">
  <reporter-output>
  </reporter-output>
  <suite started-at="2026-05-23T10:23:08 IST" name="Default suite" finished-at="2026-05-23T10:23:11 IST" duration-ms="3846">
    <groups>
    </groups>
    <test started-at="2026-05-23T10:23:08 IST" name="Default test" finished-at="2026-05-23T10:23:11 IST" duration-ms="3846">
      <class name="api.test.UserTests">
        <test-method is-config="true" signature="setupData()[pri:0, instance:api.test.UserTests@117159c0]" started-at="2026-05-23T10:23:08 IST" name="setupData" finished-at="2026-05-23T10:23:08 IST" duration-ms="210" status="PASS">
          <reporter-output>
          </reporter-output>
        </test-method> <!-- setupData -->
        <test-method signature="testPost()[pri:0, instance:api.test.UserTests@117159c0]" started-at="2026-05-23T10:23:08 IST" name="testPost" finished-at="2026-05-23T10:23:11 IST" duration-ms="3584" status="PASS">
          <reporter-output>
          </reporter-output>
        </test-method> <!-- testPost -->
      </class> <!-- api.test.UserTests -->
    </test> <!-- Default test -->
  </suite> <!-- Default suite -->
</testng-results>
